<?xml version="1.0" encoding="UTF-8"?>
<testng-results total="2" passed="2" failed="0" skipped="0">
  <reporter-output>
  </reporter-output>
  <suite started-at="2022-11-25T11:22:21Z" name="Default suite" finished-at="2022-11-25T11:22:21Z" duration-ms="25">
    <groups>
    </groups>
    <test started-at="2022-11-25T11:22:21Z" name="Default test" finished-at="2022-11-25T11:22:21Z" duration-ms="25">
      <class name="gameBasics.UserTest">
        <test-method is-config="true" signature="beforeMethod()[pri:0, instance:gameBasics.UserTest@11f0a5a1]" started-at="2022-11-25T12:22:21Z" name="beforeMethod" finished-at="2022-11-25T12:22:21Z" duration-ms="5" status="PASS">
          <reporter-output>
          </reporter-output>
        </test-method> <!-- beforeMethod -->
        <test-method signature="getAgeTest()[pri:0, instance:gameBasics.UserTest@11f0a5a1]" started-at="2022-11-25T12:22:21Z" name="getAgeTest" finished-at="2022-11-25T12:22:21Z" duration-ms="5" status="PASS">
          <reporter-output>
          </reporter-output>
        </test-method> <!-- getAgeTest -->
        <test-method is-config="true" signature="afterMethod()[pri:0, instance:gameBasics.UserTest@11f0a5a1]" started-at="2022-11-25T12:22:21Z" name="afterMethod" finished-at="2022-11-25T12:22:21Z" duration-ms="0" status="PASS">
          <reporter-output>
          </reporter-output>
        </test-method> <!-- afterMethod -->
        <test-method signature="getNameTest()[pri:0, instance:gameBasics.UserTest@11f0a5a1]" started-at="2022-11-25T12:22:21Z" name="getNameTest" finished-at="2022-11-25T12:22:21Z" duration-ms="2" status="PASS">
          <reporter-output>
          </reporter-output>
        </test-method> <!-- getNameTest -->
        <test-method is-config="true" signature="beforeMethod()[pri:0, instance:gameBasics.UserTest@11f0a5a1]" started-at="2022-11-25T12:22:21Z" name="beforeMethod" finished-at="2022-11-25T12:22:21Z" duration-ms="0" status="PASS">
          <reporter-output>
          </reporter-output>
        </test-method> <!-- beforeMethod -->
        <test-method is-config="true" signature="afterMethod()[pri:0, instance:gameBasics.UserTest@11f0a5a1]" started-at="2022-11-25T12:22:21Z" name="afterMethod" finished-at="2022-11-25T12:22:21Z" duration-ms="0" status="PASS">
          <reporter-output>
          </reporter-output>
        </test-method> <!-- afterMethod -->
      </class> <!-- gameBasics.UserTest -->
    </test> <!-- Default test -->
  </suite> <!-- Default suite -->
</testng-results>
